Arguments: 
  /usr/local/bin/node /usr/share/yarn/bin/yarn.js

PATH: 
  /home/saeedi/bin:/home/saeedi/.local/bin:/home/arvin/gradle/gradle-3.2/bin:/usr/local/sbin:/usr/local/bin:/usr/sbin:/usr/bin:/sbin:/bin:/usr/games:/usr/local/games:/snap/bin:/usr/lib/jvm/java-8-oracle/bin:/usr/lib/jvm/java-8-oracle/db/bin:/usr/lib/jvm/java-8-oracle/jre/bin

Yarn version: 
  1.9.4

Node version: 
  9.4.0

Platform: 
  linux x64

Trace: 
  SyntaxError: /home/saeedi/Documents/electronjs/electron-updater-example/package.json: Unexpected token } in JSON at position 590
      at JSON.parse (<anonymous>)
      at /usr/share/yarn/lib/cli.js:1130:59
      at Generator.next (<anonymous>)
      at step (/usr/share/yarn/lib/cli.js:92:30)
      at /usr/share/yarn/lib/cli.js:103:13
      at <anonymous>

npm manifest: 
  {
    "name": "electron-updater-example",
    "version": "0.6.3",
    "main": "main.js",
    "description": "electron-updater example project",
    "author": "Matt Haggard",
    "scripts": {
      "publish": "build -p always"
    },
    "devDependencies": {
      "electron": "^1.7.9",
      "electron-builder": "^20.8.2"
    },
    "dependencies": {
      "electron-log": "^1.3.0",
      "electron-updater": "^2.21.4"
    },
    "build": {
      "appId": "com.github.hesamsaeedi.electronupdaterexample",
      "mac": {
        "category": "your.app.category.type",
        "target": [
          "zip",
          "dmg"
        ]
      }
  },
  }

yarn manifest: 
  No manifest

Lockfile: 
  No lockfile
